<?xml version="1.0" encoding="UTF-8"?>
<!-- Generated by org.testng.reporters.JUnitReportReporter -->
<testsuite hostname="WKWIN5474541" failures="0" tests="1" name="com.cucumberFramework.testRunner.TestRunner" time="13.806" errors="0" timestamp="11 Oct 2020 13:20:39 GMT">
  <testcase classname="com.cucumberFramework.testRunner.TestRunner" name="feature" time="13.806"/>
</testsuite> <!-- com.cucumberFramework.testRunner.TestRunner -->
